<?xml version="1.0" encoding="UTF-8"?>
<testsuite xmlns:xsi="http://www.w3.org/2001/XMLSchema-instance" xsi:noNamespaceSchemaLocation="https://maven.apache.org/surefire/maven-surefire-plugin/xsd/surefire-test-report.xsd" name="pt.ua.ies.IpmaApiClient.AppTest" time="0.032" tests="1" errors="0" skipped="0" failures="0">
  <properties>
    <property name="java.specification.version" value="18"/>
    <property name="sun.jnu.encoding" value="UTF-8"/>
    <property name="java.class.path" value="/home/rafael/Documentos/IES/P/IES_102534/lab1/lab1_5/IpmaApiClient/target/test-classes:/home/rafael/Documentos/IES/P/IES_102534/lab1/lab1_5/IpmaApiClient/target/classes:/home/rafael/.m2/repository/junit/junit/4.11/junit-4.11.jar:/home/rafael/.m2/repository/org/hamcrest/hamcrest-core/1.3/hamcrest-core-1.3.jar:/home/rafael/.m2/repository/com/squareup/retrofit2/retrofit/2.9.0/retrofit-2.9.0.jar:/home/rafael/.m2/repository/com/squareup/okhttp3/okhttp/3.14.9/okhttp-3.14.9.jar:/home/rafael/.m2/repository/com/squareup/okio/okio/1.17.2/okio-1.17.2.jar:/home/rafael/.m2/repository/com/squareup/retrofit2/converter-gson/2.9.0/converter-gson-2.9.0.jar:/home/rafael/.m2/repository/com/google/code/gson/gson/2.8.5/gson-2.8.5.jar:/home/rafael/.m2/repository/org/apache/logging/log4j/log4j-api/2.16.0/log4j-api-2.16.0.jar:"/>
    <property name="java.vm.vendor" value="Oracle Corporation"/>
    <property name="sun.arch.data.model" value="64"/>
    <property name="java.vendor.url" value="https://java.oracle.com/"/>
    <property name="os.name" value="Linux"/>
    <property name="java.vm.specification.version" value="18"/>
    <property name="sun.java.launcher" value="SUN_STANDARD"/>
    <property name="user.country" value="PT"/>
    <property name="sun.boot.library.path" value="/usr/lib/jvm/jdk-18/lib"/>
    <property name="sun.java.command" value="/home/rafael/Documentos/IES/P/IES_102534/lab1/lab1_5/IpmaApiClient/target/surefire/surefirebooter15165808041035815264.jar /home/rafael/Documentos/IES/P/IES_102534/lab1/lab1_5/IpmaApiClient/target/surefire 2022-09-28T00-30-23_122-jvmRun1 surefire7999239939801586883tmp surefire_01854877315540042770tmp"/>
    <property name="jdk.debug" value="release"/>
    <property name="surefire.test.class.path" value="/home/rafael/Documentos/IES/P/IES_102534/lab1/lab1_5/IpmaApiClient/target/test-classes:/home/rafael/Documentos/IES/P/IES_102534/lab1/lab1_5/IpmaApiClient/target/classes:/home/rafael/.m2/repository/junit/junit/4.11/junit-4.11.jar:/home/rafael/.m2/repository/org/hamcrest/hamcrest-core/1.3/hamcrest-core-1.3.jar:/home/rafael/.m2/repository/com/squareup/retrofit2/retrofit/2.9.0/retrofit-2.9.0.jar:/home/rafael/.m2/repository/com/squareup/okhttp3/okhttp/3.14.9/okhttp-3.14.9.jar:/home/rafael/.m2/repository/com/squareup/okio/okio/1.17.2/okio-1.17.2.jar:/home/rafael/.m2/repository/com/squareup/retrofit2/converter-gson/2.9.0/converter-gson-2.9.0.jar:/home/rafael/.m2/repository/com/google/code/gson/gson/2.8.5/gson-2.8.5.jar:/home/rafael/.m2/repository/org/apache/logging/log4j/log4j-api/2.16.0/log4j-api-2.16.0.jar:"/>
    <property name="sun.cpu.endian" value="little"/>
    <property name="user.home" value="/home/rafael"/>
    <property name="user.language" value="pt"/>
    <property name="java.specification.vendor" value="Oracle Corporation"/>
    <property name="java.version.date" value="2022-08-18"/>
    <property name="java.home" value="/usr/lib/jvm/jdk-18"/>
    <property name="file.separator" value="/"/>
    <property name="basedir" value="/home/rafael/Documentos/IES/P/IES_102534/lab1/lab1_5/IpmaApiClient"/>
    <property name="java.vm.compressedOopsMode" value="Zero based"/>
    <property name="line.separator" value="&#10;"/>
    <property name="java.vm.specification.vendor" value="Oracle Corporation"/>
    <property name="java.specification.name" value="Java Platform API Specification"/>
    <property name="surefire.real.class.path" value="/home/rafael/Documentos/IES/P/IES_102534/lab1/lab1_5/IpmaApiClient/target/surefire/surefirebooter15165808041035815264.jar"/>
    <property name="sun.management.compiler" value="HotSpot 64-Bit Tiered Compilers"/>
    <property name="java.runtime.version" value="18.0.2.1+1-1"/>
    <property name="user.name" value="rafael"/>
    <property name="path.separator" value=":"/>
    <property name="os.version" value="5.15.0-48-generic"/>
    <property name="java.runtime.name" value="Java(TM) SE Runtime Environment"/>
    <property name="file.encoding" value="UTF-8"/>
    <property name="java.vm.name" value="Java HotSpot(TM) 64-Bit Server VM"/>
    <property name="localRepository" value="/home/rafael/.m2/repository"/>
    <property name="java.vendor.url.bug" value="https://bugreport.java.com/bugreport/"/>
    <property name="java.io.tmpdir" value="/tmp"/>
    <property name="java.version" value="18.0.2.1"/>
    <property name="user.dir" value="/home/rafael/Documentos/IES/P/IES_102534/lab1/lab1_5/IpmaApiClient"/>
    <property name="os.arch" value="amd64"/>
    <property name="java.vm.specification.name" value="Java Virtual Machine Specification"/>
    <property name="native.encoding" value="UTF-8"/>
    <property name="java.library.path" value="/usr/java/packages/lib:/usr/lib64:/lib64:/lib:/usr/lib"/>
    <property name="java.vm.info" value="mixed mode, sharing"/>
    <property name="java.vendor" value="Oracle Corporation"/>
    <property name="java.vm.version" value="18.0.2.1+1-1"/>
    <property name="sun.io.unicode.encoding" value="UnicodeLittle"/>
    <property name="java.class.version" value="62.0"/>
  </properties>
  <testcase name="shouldAnswerWithTrue" classname="pt.ua.ies.IpmaApiClient.AppTest" time="0.005"/>
</testsuite>